<?xml version="1.0" encoding="UTF-8"?>
<robot generator="Robot 6.0.1 (Python 3.9.2 on darwin)" generated="20221125 17:10:08.313" rpa="false" schemaversion="3">
<suite id="s1" name="Tests" source="/Users/anttivuorenmaa/Desktop/Jetta/src/tests">
<suite id="s1-s1" name="Home" source="/Users/anttivuorenmaa/Desktop/Jetta/src/tests/home.robot">
<kw name="Open And Configure Browser" library="resource" type="SETUP">
<kw name="Open Browser" library="SeleniumLibrary">
<arg>browser=${BROWSER}</arg>
<doc>Opens a new browser instance to the optional ``url``.</doc>
<msg timestamp="20221125 17:10:08.480" level="INFO">Opening browser 'chrome' to base url 'None'.</msg>
<status status="PASS" starttime="20221125 17:10:08.480" endtime="20221125 17:10:09.997"/>
</kw>
<kw name="Maximize Browser Window" library="SeleniumLibrary">
<doc>Maximizes current browser window.</doc>
<status status="PASS" starttime="20221125 17:10:09.997" endtime="20221125 17:10:10.113"/>
</kw>
<kw name="Set Selenium Speed" library="SeleniumLibrary">
<arg>${DELAY}</arg>
<doc>Sets the delay that is waited after each Selenium command.</doc>
<status status="PASS" starttime="20221125 17:10:10.113" endtime="20221125 17:10:10.113"/>
</kw>
<status status="PASS" starttime="20221125 17:10:08.479" endtime="20221125 17:10:10.113"/>
</kw>
<test id="s1-s1-t1" name="Homepage Should Be Succeed" line="10">
<kw name="Go To Main Page" library="resource" type="SETUP">
<kw name="Go To" library="SeleniumLibrary">
<arg>${HOME URL}</arg>
<doc>Navigates the current browser window to the provided ``url``.</doc>
<msg timestamp="20221125 17:10:10.114" level="INFO">Opening url 'http://localhost:5000'</msg>
<status status="PASS" starttime="20221125 17:10:10.114" endtime="20221125 17:10:11.356"/>
</kw>
<status status="PASS" starttime="20221125 17:10:10.114" endtime="20221125 17:10:11.356"/>
</kw>
<kw name="Access Jetta main Succeed">
<kw name="Jetta Application Page Should Be Open" library="resource">
<kw name="Page Should Contain" library="SeleniumLibrary">
<arg>Ohtu-Miniprojekti</arg>
<doc>Verifies that current page contains ``text``.</doc>
<msg timestamp="20221125 17:10:13.377" level="INFO">Current page contains text 'Ohtu-Miniprojekti'.</msg>
<status status="PASS" starttime="20221125 17:10:11.357" endtime="20221125 17:10:13.378"/>
</kw>
<status status="PASS" starttime="20221125 17:10:11.357" endtime="20221125 17:10:13.378"/>
</kw>
<status status="PASS" starttime="20221125 17:10:11.356" endtime="20221125 17:10:13.378"/>
</kw>
<status status="PASS" starttime="20221125 17:10:10.113" endtime="20221125 17:10:13.378"/>
</test>
<kw name="Close Browser" library="SeleniumLibrary" type="TEARDOWN">
<doc>Closes the current browser.</doc>
<status status="PASS" starttime="20221125 17:10:13.380" endtime="20221125 17:10:14.442"/>
</kw>
<status status="PASS" starttime="20221125 17:10:08.333" endtime="20221125 17:10:14.442"/>
</suite>
<status status="PASS" starttime="20221125 17:10:08.314" endtime="20221125 17:10:14.443"/>
</suite>
<statistics>
<total>
<stat pass="1" fail="0" skip="0">All Tests</stat>
</total>
<tag>
</tag>
<suite>
<stat pass="1" fail="0" skip="0" id="s1" name="Tests">Tests</stat>
<stat pass="1" fail="0" skip="0" id="s1-s1" name="Home">Tests.Home</stat>
</suite>
</statistics>
<errors>
</errors>
</robot>
